Determining if the getaddrinfo exist failed with the following output:
Change Dir: /home/anthony/ClemsonVibrationResearch/obdgpslogger/build/CMakeFiles/CMakeTmp

Run Build Command:/usr/bin/make "cmTryCompileExec/fast"
/usr/bin/make -f CMakeFiles/cmTryCompileExec.dir/build.make CMakeFiles/cmTryCompileExec.dir/build
make[1]: Entering directory `/home/anthony/ClemsonVibrationResearch/obdgpslogger/build/CMakeFiles/CMakeTmp'
/usr/bin/cmake -E cmake_progress_report /home/anthony/ClemsonVibrationResearch/obdgpslogger/build/CMakeFiles/CMakeTmp/CMakeFiles 1
Building C object CMakeFiles/cmTryCompileExec.dir/CheckSymbolExists.c.o
/usr/bin/gcc    -o CMakeFiles/cmTryCompileExec.dir/CheckSymbolExists.c.o   -c /home/anthony/ClemsonVibrationResearch/obdgpslogger/build/CMakeFiles/CMakeTmp/CheckSymbolExists.c
/home/anthony/ClemsonVibrationResearch/obdgpslogger/build/CMakeFiles/CMakeTmp/CheckSymbolExists.c: In function ‘main’:
/home/anthony/ClemsonVibrationResearch/obdgpslogger/build/CMakeFiles/CMakeTmp/CheckSymbolExists.c:8:25: error: ‘getaddrinfo’ undeclared (first use in this function)
/home/anthony/ClemsonVibrationResearch/obdgpslogger/build/CMakeFiles/CMakeTmp/CheckSymbolExists.c:8:25: note: each undeclared identifier is reported only once for each function it appears in
make[1]: Leaving directory `/home/anthony/ClemsonVibrationResearch/obdgpslogger/build/CMakeFiles/CMakeTmp'
make[1]: *** [CMakeFiles/cmTryCompileExec.dir/CheckSymbolExists.c.o] Error 1
make: *** [cmTryCompileExec/fast] Error 2

File /home/anthony/ClemsonVibrationResearch/obdgpslogger/build/CMakeFiles/CMakeTmp/CheckSymbolExists.c:
/* */
#include <sys/socket.h>

void cmakeRequireSymbol(int dummy,...){(void)dummy;}
int main()
{
#ifndef getaddrinfo
  cmakeRequireSymbol(0,&getaddrinfo);
#endif
  return 0;
}

Determining if the BTPROTO_RFCOMM exist failed with the following output:
Change Dir: /home/anthony/ClemsonVibrationResearch/obdgpslogger/build/CMakeFiles/CMakeTmp

Run Build Command:/usr/bin/make "cmTryCompileExec/fast"
/usr/bin/make -f CMakeFiles/cmTryCompileExec.dir/build.make CMakeFiles/cmTryCompileExec.dir/build
make[1]: Entering directory `/home/anthony/ClemsonVibrationResearch/obdgpslogger/build/CMakeFiles/CMakeTmp'
/usr/bin/cmake -E cmake_progress_report /home/anthony/ClemsonVibrationResearch/obdgpslogger/build/CMakeFiles/CMakeTmp/CMakeFiles 1
Building C object CMakeFiles/cmTryCompileExec.dir/CheckSymbolExists.c.o
/usr/bin/gcc    -o CMakeFiles/cmTryCompileExec.dir/CheckSymbolExists.c.o   -c /home/anthony/ClemsonVibrationResearch/obdgpslogger/build/CMakeFiles/CMakeTmp/CheckSymbolExists.c
/home/anthony/ClemsonVibrationResearch/obdgpslogger/build/CMakeFiles/CMakeTmp/CheckSymbolExists.c:2:33: fatal error: bluetooth/bluetooth.h: No such file or directory
compilation terminated.
make[1]: *** [CMakeFiles/cmTryCompileExec.dir/CheckSymbolExists.c.o] Error 1
make[1]: Leaving directory `/home/anthony/ClemsonVibrationResearch/obdgpslogger/build/CMakeFiles/CMakeTmp'
make: *** [cmTryCompileExec/fast] Error 2

File /home/anthony/ClemsonVibrationResearch/obdgpslogger/build/CMakeFiles/CMakeTmp/CheckSymbolExists.c:
/* */
#include <bluetooth/bluetooth.h>

void cmakeRequireSymbol(int dummy,...){(void)dummy;}
int main()
{
#ifndef BTPROTO_RFCOMM
  cmakeRequireSymbol(0,&BTPROTO_RFCOMM);
#endif
  return 0;
}

